#
# A fatal error has been detected by the Java Runtime Environment:
#
#  SIGSEGV (0xb) at pc=0x00007f3190894e28, pid=308433, tid=308434
#
# JRE version: OpenJDK Runtime Environment (11.0.11+9) (build 11.0.11+9-Ubuntu-0ubuntu2.20.04)
# Java VM: OpenJDK 64-Bit Server VM (11.0.11+9-Ubuntu-0ubuntu2.20.04, mixed mode, sharing, tiered, compressed oops, g1 gc, linux-amd64)
# Problematic frame:
# j  Main.main([Ljava/lang/String;)V+77
#
# Core dump will be written. Default location: Core dumps may be processed with "/usr/share/apport/apport %p %s %c %d %P %E" (or dumping to /home/curry0622/compiler/Java-Assembly-Code-Generator/core.308433)
#
# If you would like to submit a bug report, please visit:
#   https://bugs.launchpad.net/ubuntu/+source/openjdk-lts
#

---------------  S U M M A R Y ------------

Command Line: -Xverify:none Main

Host: Intel(R) Core(TM) i7-8750H CPU @ 2.20GHz, 12 cores, 7G, Ubuntu 20.04.2 LTS
Time: Sun Jun 13 19:48:44 2021 CST elapsed time: 0.021640 seconds (0d 0h 0m 0s)

---------------  T H R E A D  ---------------

Current thread (0x00007f31a8016000):  JavaThread "main" [_thread_in_Java, id=308434, stack(0x00007f31ae8a5000,0x00007f31ae9a6000)]

Stack: [0x00007f31ae8a5000,0x00007f31ae9a6000],  sp=0x00007f31ae9a46a0,  free space=1021k
Native frames: (J=compiled Java code, A=aot compiled Java code, j=interpreted, Vv=VM code, C=native code)
j  Main.main([Ljava/lang/String;)V+77
v  ~StubRoutines::call_stub
V  [libjvm.so+0x859b69]
V  [libjvm.so+0x8d4146]
V  [libjvm.so+0x8d6b00]
C  [libjli.so+0x5a6a]
C  [libjli.so+0x9ce1]


siginfo: si_signo: 11 (SIGSEGV), si_code: 1 (SEGV_MAPERR), si_addr: 0xfffffffe00000050

Register to memory mapping:

RAX=0x00000008001db2f8 is pointing into metadata
RBX=0xfffffffe00000008 is an unknown value
RCX=0x00007f31904782bd is pointing into metadata
RDX=0x0 is NULL
RSP=0x00007f31ae9a46a0 is pointing into the stack for thread: 0x00007f31a8016000
RBP=0x00007f31ae9a46f0 is pointing into the stack for thread: 0x00007f31a8016000
RSI=0x00007f31ae9a4648 is pointing into the stack for thread: 0x00007f31a8016000
RDI=0x0000000000000517 is an unknown value
R8 =0x0 is NULL
R9 =0x000000008d905570 points into unknown readable memory: 0x0000000000000001 | 01 00 00 00 00 00 00 00
R10=0x00007f31aff87ae0: <offset 0x0000000001296ae0> in /usr/lib/jvm/java-11-openjdk-amd64/lib/server/libjvm.so at 0x00007f31aecf1000
R11=0x00007f3190e09f80 is at entry_point+64 in (nmethod*)0x00007f3190e09d90
R12=0x0 is NULL
R13=0x00007f31ae9a46a8 is pointing into the stack for thread: 0x00007f31a8016000
R14=0x0 is NULL
R15=0x00007f31a8016000 is a thread


Registers:
RAX=0x00000008001db2f8, RBX=0xfffffffe00000008, RCX=0x00007f31904782bd, RDX=0x0000000000000000
RSP=0x00007f31ae9a46a0, RBP=0x00007f31ae9a46f0, RSI=0x00007f31ae9a4648, RDI=0x0000000000000517
R8 =0x0000000000000000, R9 =0x000000008d905570, R10=0x00007f31aff87ae0, R11=0x00007f3190e09f80
R12=0x0000000000000000, R13=0x00007f31ae9a46a8, R14=0x0000000000000000, R15=0x00007f31a8016000
RIP=0x00007f3190894e28, EFLAGS=0x0000000000010246, CSGSFS=0x002b000000000033, ERR=0x0000000000000005
  TRAPNO=0x000000000000000e

Top of Stack: (sp=0x00007f31ae9a46a0)
0x00007f31ae9a46a0:   00007f3190881f73 0000000012001900
0x00007f31ae9a46b0:   00007f31904782bd 00007f31ae9a4a18
0x00007f31ae9a46c0:   00007f3190478418 0000000000000000
0x00007f31ae9a46d0:   000000008d94f3e8 00007f31904783c0 

Instructions: (pc=0x00007f3190894e28)
0x00007f3190894d28:   ec 4d 33 e4 4c 33 6a 08 49 f7 c5 fc ff ff ff 74
0x00007f3190894d38:   38 49 f7 c5 02 00 00 00 75 2f 48 81 7a 08 00 00
0x00007f3190894d48:   00 00 74 21 48 81 7a 08 01 00 00 00 74 17 4c 33
0x00007f3190894d58:   6a 08 49 f7 c5 fc ff ff ff 74 0e 48 81 4a 08 02
0x00007f3190894d68:   00 00 00 eb 04 4c 89 6a 08 48 83 c2 10 4c 8b 6a
0x00007f3190894d78:   e8 41 83 ed 02 41 83 fd 02 0f 8c 8d 00 00 00 4c
0x00007f3190894d88:   8b 6b 08 45 0f b7 6d 34 4c 2b 2a 41 83 ed 01 4e
0x00007f3190894d98:   8b 6c ec 08 4d 85 ed 75 0a 48 81 4a 08 01 00 00
0x00007f3190894da8:   00 eb 5d 45 8b 6d 08 49 c1 e5 03 49 bc 00 00 00
0x00007f3190894db8:   00 08 00 00 00 4d 03 ec 4d 33 e4 4c 33 6a 08 49
0x00007f3190894dc8:   f7 c5 fc ff ff ff 74 38 49 f7 c5 02 00 00 00 75
0x00007f3190894dd8:   2f 48 81 7a 08 00 00 00 00 74 21 48 81 7a 08 01
0x00007f3190894de8:   00 00 00 74 17 4c 33 6a 08 49 f7 c5 fc ff ff ff
0x00007f3190894df8:   74 0e 48 81 4a 08 02 00 00 00 eb 04 4c 89 6a 08
0x00007f3190894e08:   48 83 c2 10 4c 8b 6a d8 41 83 ed 04 41 c1 e5 03
0x00007f3190894e18:   49 03 d5 48 89 55 d8 4c 8d 6c 24 08 4c 89 6d f0
0x00007f3190894e28:   ff 63 48 0f 1f 44 00 00 00 00 00 00 00 00 00 00
0x00007f3190894e38:   00 00 00 00 00 00 00 00 00 03 00 00 00 00 00 00
0x00007f3190894e48:   ec 8b c0 af 31 7f 00 00 b7 00 00 00 00 00 00 00
0x00007f3190894e58:   00 00 00 00 00 00 00 00 50 e9 39 00 00 00 48 83
0x00007f3190894e68:   ec 08 c5 fa 11 04 24 e9 2b 00 00 00 48 83 ec 10
0x00007f3190894e78:   c5 fb 11 04 24 e9 1d 00 00 00 48 83 ec 10 48 89
0x00007f3190894e88:   04 24 49 ba 00 00 00 00 00 00 00 00 4c 89 54 24
0x00007f3190894e98:   08 e9 01 00 00 00 50 4c 89 6d c0 41 0f b7 55 01
0x00007f3190894ea8:   48 8b 4d d0 c1 e2 02 8b 5c d1 28 c1 eb 10 81 e3
0x00007f3190894eb8:   ff 00 00 00 81 fb b7 00 00 00 0f 84 b0 00 00 00
0x00007f3190894ec8:   bb b7 00 00 00 e8 05 00 00 00 e9 95 00 00 00 48
0x00007f3190894ed8:   8b f3 48 8d 44 24 08 4c 89 6d c0 49 8b ff c5 f8
0x00007f3190894ee8:   77 49 89 af 38 03 00 00 49 89 87 28 03 00 00 f7
0x00007f3190894ef8:   c4 0f 00 00 00 0f 84 12 00 00 00 48 83 ec 08 e8
0x00007f3190894f08:   94 fa ca 1e 48 83 c4 08 e9 05 00 00 00 e8 86 fa
0x00007f3190894f18:   ca 1e 49 ba 00 00 00 00 00 00 00 00 4d 89 97 28 


Stack slot to memory mapping:
stack at sp + 0 slots: 0x00007f3190881f73 is at code_begin+2355 in an Interpreter codelet
invoke return entry points  [0x00007f3190881640, 0x00007f3190882060]  2592 bytes
stack at sp + 1 slots: 0x0000000012001900 is an unknown value
stack at sp + 2 slots: 0x00007f31904782bd is pointing into metadata
stack at sp + 3 slots: 0x00007f31ae9a4a18 is pointing into the stack for thread: 0x00007f31a8016000
stack at sp + 4 slots: 0x00007f3190478418 is pointing into metadata
stack at sp + 5 slots: 0x0 is NULL
stack at sp + 6 slots: 0x000000008d94f3e8 points into unknown readable memory: 0x0000004dc6399601 | 01 96 39 c6 4d 00 00 00
stack at sp + 7 slots: {method} {0x00007f31904783c0} 'main' '([Ljava/lang/String;)V' in 'Main'

invokevirtual  182 invokevirtual  [0x00007f3190894920, 0x00007f3190894e40]  1312 bytes

---------------  P R O C E S S  ---------------

Threads class SMR info:
_java_thread_list=0x00007f31a818cd60, length=9, elements={
0x00007f31a8016000, 0x00007f31a8127800, 0x00007f31a8129800, 0x00007f31a8130000,
0x00007f31a8132000, 0x00007f31a8134800, 0x00007f31a8136800, 0x00007f31a8138800,
0x00007f31a818b800
}

Java Threads: ( => current thread )
=>0x00007f31a8016000 JavaThread "main" [_thread_in_Java, id=308434, stack(0x00007f31ae8a5000,0x00007f31ae9a6000)]
  0x00007f31a8127800 JavaThread "Reference Handler" daemon [_thread_blocked, id=308441, stack(0x00007f318807c000,0x00007f318817d000)]
  0x00007f31a8129800 JavaThread "Finalizer" daemon [_thread_blocked, id=308442, stack(0x00007f3181eff000,0x00007f3182000000)]
  0x00007f31a8130000 JavaThread "Signal Dispatcher" daemon [_thread_blocked, id=308443, stack(0x00007f3180fd6000,0x00007f31810d7000)]
  0x00007f31a8132000 JavaThread "Service Thread" daemon [_thread_blocked, id=308444, stack(0x00007f3180ed5000,0x00007f3180fd6000)]
  0x00007f31a8134800 JavaThread "C2 CompilerThread0" daemon [_thread_blocked, id=308445, stack(0x00007f3180dd4000,0x00007f3180ed5000)]
  0x00007f31a8136800 JavaThread "C1 CompilerThread0" daemon [_thread_blocked, id=308446, stack(0x00007f3180cd3000,0x00007f3180dd4000)]
  0x00007f31a8138800 JavaThread "Sweeper thread" daemon [_thread_blocked, id=308447, stack(0x00007f3180bd2000,0x00007f3180cd3000)]
  0x00007f31a818b800 JavaThread "Common-Cleaner" daemon [_thread_blocked, id=308449, stack(0x00007f31809cf000,0x00007f3180ad0000)]

Other Threads:
  0x00007f31a8124800 VMThread "VM Thread" [stack: 0x00007f318817f000,0x00007f318827f000] [id=308440]
  0x00007f31a8189000 WatcherThread [stack: 0x00007f3180ad2000,0x00007f3180bd2000] [id=308448]
  0x00007f31a802e000 GCTaskThread "GC Thread#0" [stack: 0x00007f31ae549000,0x00007f31ae649000] [id=308435]
  0x00007f31a805f800 ConcurrentGCThread "G1 Main Marker" [stack: 0x00007f31ace4f000,0x00007f31acf4f000] [id=308436]
  0x00007f31a8061800 ConcurrentGCThread "G1 Conc#0" [stack: 0x00007f31acd4d000,0x00007f31ace4d000] [id=308437]
  0x00007f31a80f1000 ConcurrentGCThread "G1 Refine#0" [stack: 0x00007f31ac241000,0x00007f31ac341000] [id=308438]
  0x00007f31a80f2800 ConcurrentGCThread "G1 Young RemSet Sampling" [stack: 0x00007f31ac13f000,0x00007f31ac23f000] [id=308439]

Threads with active compile tasks:

VM state:not at safepoint (normal execution)

VM Mutex/Monitor currently owned by a thread: None

Heap address: 0x0000000086000000, size: 1952 MB, Compressed Oops mode: 32-bit
Narrow klass base: 0x0000000800000000, Narrow klass shift: 3
Compressed class space size: 1073741824 Address: 0x0000000840000000

Heap:
 garbage-first heap   total 126976K, used 712K [0x0000000086000000, 0x0000000100000000)
  region size 1024K, 1 young (1024K), 0 survivors (0K)
 Metaspace       used 156K, capacity 4486K, committed 4864K, reserved 1056768K
  class space    used 5K, capacity 386K, committed 512K, reserved 1048576K
Heap Regions: E=young(eden), S=young(survivor), O=old, HS=humongous(starts), HC=humongous(continues), CS=collection set, F=free, A=archive, TAMS=top-at-mark-start (previous, next)
|   0|0x0000000086000000, 0x0000000086000000, 0x0000000086100000|  0%| F|  |TAMS 0x0000000086000000, 0x0000000086000000| Untracked 
|   1|0x0000000086100000, 0x0000000086100000, 0x0000000086200000|  0%| F|  |TAMS 0x0000000086100000, 0x0000000086100000| Untracked 
|   2|0x0000000086200000, 0x0000000086200000, 0x0000000086300000|  0%| F|  |TAMS 0x0000000086200000, 0x0000000086200000| Untracked 
|   3|0x0000000086300000, 0x0000000086300000, 0x0000000086400000|  0%| F|  |TAMS 0x0000000086300000, 0x0000000086300000| Untracked 
|   4|0x0000000086400000, 0x0000000086400000, 0x0000000086500000|  0%| F|  |TAMS 0x0000000086400000, 0x0000000086400000| Untracked 
|   5|0x0000000086500000, 0x0000000086500000, 0x0000000086600000|  0%| F|  |TAMS 0x0000000086500000, 0x0000000086500000| Untracked 
|   6|0x0000000086600000, 0x0000000086600000, 0x0000000086700000|  0%| F|  |TAMS 0x0000000086600000, 0x0000000086600000| Untracked 
|   7|0x0000000086700000, 0x0000000086700000, 0x0000000086800000|  0%| F|  |TAMS 0x0000000086700000, 0x0000000086700000| Untracked 
|   8|0x0000000086800000, 0x0000000086800000, 0x0000000086900000|  0%| F|  |TAMS 0x0000000086800000, 0x0000000086800000| Untracked 
|   9|0x0000000086900000, 0x0000000086900000, 0x0000000086a00000|  0%| F|  |TAMS 0x0000000086900000, 0x0000000086900000| Untracked 
|  10|0x0000000086a00000, 0x0000000086a00000, 0x0000000086b00000|  0%| F|  |TAMS 0x0000000086a00000, 0x0000000086a00000| Untracked 
|  11|0x0000000086b00000, 0x0000000086b00000, 0x0000000086c00000|  0%| F|  |TAMS 0x0000000086b00000, 0x0000000086b00000| Untracked 
|  12|0x0000000086c00000, 0x0000000086c00000, 0x0000000086d00000|  0%| F|  |TAMS 0x0000000086c00000, 0x0000000086c00000| Untracked 
|  13|0x0000000086d00000, 0x0000000086d00000, 0x0000000086e00000|  0%| F|  |TAMS 0x0000000086d00000, 0x0000000086d00000| Untracked 
|  14|0x0000000086e00000, 0x0000000086e00000, 0x0000000086f00000|  0%| F|  |TAMS 0x0000000086e00000, 0x0000000086e00000| Untracked 
|  15|0x0000000086f00000, 0x0000000086f00000, 0x0000000087000000|  0%| F|  |TAMS 0x0000000086f00000, 0x0000000086f00000| Untracked 
|  16|0x0000000087000000, 0x0000000087000000, 0x0000000087100000|  0%| F|  |TAMS 0x0000000087000000, 0x0000000087000000| Untracked 
|  17|0x0000000087100000, 0x0000000087100000, 0x0000000087200000|  0%| F|  |TAMS 0x0000000087100000, 0x0000000087100000| Untracked 
|  18|0x0000000087200000, 0x0000000087200000, 0x0000000087300000|  0%| F|  |TAMS 0x0000000087200000, 0x0000000087200000| Untracked 
|  19|0x0000000087300000, 0x0000000087300000, 0x0000000087400000|  0%| F|  |TAMS 0x0000000087300000, 0x0000000087300000| Untracked 
|  20|0x0000000087400000, 0x0000000087400000, 0x0000000087500000|  0%| F|  |TAMS 0x0000000087400000, 0x0000000087400000| Untracked 
|  21|0x0000000087500000, 0x0000000087500000, 0x0000000087600000|  0%| F|  |TAMS 0x0000000087500000, 0x0000000087500000| Untracked 
|  22|0x0000000087600000, 0x0000000087600000, 0x0000000087700000|  0%| F|  |TAMS 0x0000000087600000, 0x0000000087600000| Untracked 
|  23|0x0000000087700000, 0x0000000087700000, 0x0000000087800000|  0%| F|  |TAMS 0x0000000087700000, 0x0000000087700000| Untracked 
|  24|0x0000000087800000, 0x0000000087800000, 0x0000000087900000|  0%| F|  |TAMS 0x0000000087800000, 0x0000000087800000| Untracked 
|  25|0x0000000087900000, 0x0000000087900000, 0x0000000087a00000|  0%| F|  |TAMS 0x0000000087900000, 0x0000000087900000| Untracked 
|  26|0x0000000087a00000, 0x0000000087a00000, 0x0000000087b00000|  0%| F|  |TAMS 0x0000000087a00000, 0x0000000087a00000| Untracked 
|  27|0x0000000087b00000, 0x0000000087b00000, 0x0000000087c00000|  0%| F|  |TAMS 0x0000000087b00000, 0x0000000087b00000| Untracked 
|  28|0x0000000087c00000, 0x0000000087c00000, 0x0000000087d00000|  0%| F|  |TAMS 0x0000000087c00000, 0x0000000087c00000| Untracked 
|  29|0x0000000087d00000, 0x0000000087d00000, 0x0000000087e00000|  0%| F|  |TAMS 0x0000000087d00000, 0x0000000087d00000| Untracked 
|  30|0x0000000087e00000, 0x0000000087e00000, 0x0000000087f00000|  0%| F|  |TAMS 0x0000000087e00000, 0x0000000087e00000| Untracked 
|  31|0x0000000087f00000, 0x0000000087f00000, 0x0000000088000000|  0%| F|  |TAMS 0x0000000087f00000, 0x0000000087f00000| Untracked 
|  32|0x0000000088000000, 0x0000000088000000, 0x0000000088100000|  0%| F|  |TAMS 0x0000000088000000, 0x0000000088000000| Untracked 
|  33|0x0000000088100000, 0x0000000088100000, 0x0000000088200000|  0%| F|  |TAMS 0x0000000088100000, 0x0000000088100000| Untracked 
|  34|0x0000000088200000, 0x0000000088200000, 0x0000000088300000|  0%| F|  |TAMS 0x0000000088200000, 0x0000000088200000| Untracked 
|  35|0x0000000088300000, 0x0000000088300000, 0x0000000088400000|  0%| F|  |TAMS 0x0000000088300000, 0x0000000088300000| Untracked 
|  36|0x0000000088400000, 0x0000000088400000, 0x0000000088500000|  0%| F|  |TAMS 0x0000000088400000, 0x0000000088400000| Untracked 
|  37|0x0000000088500000, 0x0000000088500000, 0x0000000088600000|  0%| F|  |TAMS 0x0000000088500000, 0x0000000088500000| Untracked 
|  38|0x0000000088600000, 0x0000000088600000, 0x0000000088700000|  0%| F|  |TAMS 0x0000000088600000, 0x0000000088600000| Untracked 
|  39|0x0000000088700000, 0x0000000088700000, 0x0000000088800000|  0%| F|  |TAMS 0x0000000088700000, 0x0000000088700000| Untracked 
|  40|0x0000000088800000, 0x0000000088800000, 0x0000000088900000|  0%| F|  |TAMS 0x0000000088800000, 0x0000000088800000| Untracked 
|  41|0x0000000088900000, 0x0000000088900000, 0x0000000088a00000|  0%| F|  |TAMS 0x0000000088900000, 0x0000000088900000| Untracked 
|  42|0x0000000088a00000, 0x0000000088a00000, 0x0000000088b00000|  0%| F|  |TAMS 0x0000000088a00000, 0x0000000088a00000| Untracked 
|  43|0x0000000088b00000, 0x0000000088b00000, 0x0000000088c00000|  0%| F|  |TAMS 0x0000000088b00000, 0x0000000088b00000| Untracked 
|  44|0x0000000088c00000, 0x0000000088c00000, 0x0000000088d00000|  0%| F|  |TAMS 0x0000000088c00000, 0x0000000088c00000| Untracked 
|  45|0x0000000088d00000, 0x0000000088d00000, 0x0000000088e00000|  0%| F|  |TAMS 0x0000000088d00000, 0x0000000088d00000| Untracked 
|  46|0x0000000088e00000, 0x0000000088e00000, 0x0000000088f00000|  0%| F|  |TAMS 0x0000000088e00000, 0x0000000088e00000| Untracked 
|  47|0x0000000088f00000, 0x0000000088f00000, 0x0000000089000000|  0%| F|  |TAMS 0x0000000088f00000, 0x0000000088f00000| Untracked 
|  48|0x0000000089000000, 0x0000000089000000, 0x0000000089100000|  0%| F|  |TAMS 0x0000000089000000, 0x0000000089000000| Untracked 
|  49|0x0000000089100000, 0x0000000089100000, 0x0000000089200000|  0%| F|  |TAMS 0x0000000089100000, 0x0000000089100000| Untracked 
|  50|0x0000000089200000, 0x0000000089200000, 0x0000000089300000|  0%| F|  |TAMS 0x0000000089200000, 0x0000000089200000| Untracked 
|  51|0x0000000089300000, 0x0000000089300000, 0x0000000089400000|  0%| F|  |TAMS 0x0000000089300000, 0x0000000089300000| Untracked 
|  52|0x0000000089400000, 0x0000000089400000, 0x0000000089500000|  0%| F|  |TAMS 0x0000000089400000, 0x0000000089400000| Untracked 
|  53|0x0000000089500000, 0x0000000089500000, 0x0000000089600000|  0%| F|  |TAMS 0x0000000089500000, 0x0000000089500000| Untracked 
|  54|0x0000000089600000, 0x0000000089600000, 0x0000000089700000|  0%| F|  |TAMS 0x0000000089600000, 0x0000000089600000| Untracked 
|  55|0x0000000089700000, 0x0000000089700000, 0x0000000089800000|  0%| F|  |TAMS 0x0000000089700000, 0x0000000089700000| Untracked 
|  56|0x0000000089800000, 0x0000000089800000, 0x0000000089900000|  0%| F|  |TAMS 0x0000000089800000, 0x0000000089800000| Untracked 
|  57|0x0000000089900000, 0x0000000089900000, 0x0000000089a00000|  0%| F|  |TAMS 0x0000000089900000, 0x0000000089900000| Untracked 
|  58|0x0000000089a00000, 0x0000000089a00000, 0x0000000089b00000|  0%| F|  |TAMS 0x0000000089a00000, 0x0000000089a00000| Untracked 
|  59|0x0000000089b00000, 0x0000000089b00000, 0x0000000089c00000|  0%| F|  |TAMS 0x0000000089b00000, 0x0000000089b00000| Untracked 
|  60|0x0000000089c00000, 0x0000000089c00000, 0x0000000089d00000|  0%| F|  |TAMS 0x0000000089c00000, 0x0000000089c00000| Untracked 
|  61|0x0000000089d00000, 0x0000000089d00000, 0x0000000089e00000|  0%| F|  |TAMS 0x0000000089d00000, 0x0000000089d00000| Untracked 
|  62|0x0000000089e00000, 0x0000000089e00000, 0x0000000089f00000|  0%| F|  |TAMS 0x0000000089e00000, 0x0000000089e00000| Untracked 
|  63|0x0000000089f00000, 0x0000000089f00000, 0x000000008a000000|  0%| F|  |TAMS 0x0000000089f00000, 0x0000000089f00000| Untracked 
|  64|0x000000008a000000, 0x000000008a000000, 0x000000008a100000|  0%| F|  |TAMS 0x000000008a000000, 0x000000008a000000| Untracked 
|  65|0x000000008a100000, 0x000000008a100000, 0x000000008a200000|  0%| F|  |TAMS 0x000000008a100000, 0x000000008a100000| Untracked 
|  66|0x000000008a200000, 0x000000008a200000, 0x000000008a300000|  0%| F|  |TAMS 0x000000008a200000, 0x000000008a200000| Untracked 
|  67|0x000000008a300000, 0x000000008a300000, 0x000000008a400000|  0%| F|  |TAMS 0x000000008a300000, 0x000000008a300000| Untracked 
|  68|0x000000008a400000, 0x000000008a400000, 0x000000008a500000|  0%| F|  |TAMS 0x000000008a400000, 0x000000008a400000| Untracked 
|  69|0x000000008a500000, 0x000000008a500000, 0x000000008a600000|  0%| F|  |TAMS 0x000000008a500000, 0x000000008a500000| Untracked 
|  70|0x000000008a600000, 0x000000008a600000, 0x000000008a700000|  0%| F|  |TAMS 0x000000008a600000, 0x000000008a600000| Untracked 
|  71|0x000000008a700000, 0x000000008a700000, 0x000000008a800000|  0%| F|  |TAMS 0x000000008a700000, 0x000000008a700000| Untracked 
|  72|0x000000008a800000, 0x000000008a800000, 0x000000008a900000|  0%| F|  |TAMS 0x000000008a800000, 0x000000008a800000| Untracked 
|  73|0x000000008a900000, 0x000000008a900000, 0x000000008aa00000|  0%| F|  |TAMS 0x000000008a900000, 0x000000008a900000| Untracked 
|  74|0x000000008aa00000, 0x000000008aa00000, 0x000000008ab00000|  0%| F|  |TAMS 0x000000008aa00000, 0x000000008aa00000| Untracked 
|  75|0x000000008ab00000, 0x000000008ab00000, 0x000000008ac00000|  0%| F|  |TAMS 0x000000008ab00000, 0x000000008ab00000| Untracked 
|  76|0x000000008ac00000, 0x000000008ac00000, 0x000000008ad00000|  0%| F|  |TAMS 0x000000008ac00000, 0x000000008ac00000| Untracked 
|  77|0x000000008ad00000, 0x000000008ad00000, 0x000000008ae00000|  0%| F|  |TAMS 0x000000008ad00000, 0x000000008ad00000| Untracked 
|  78|0x000000008ae00000, 0x000000008ae00000, 0x000000008af00000|  0%| F|  |TAMS 0x000000008ae00000, 0x000000008ae00000| Untracked 
|  79|0x000000008af00000, 0x000000008af00000, 0x000000008b000000|  0%| F|  |TAMS 0x000000008af00000, 0x000000008af00000| Untracked 
|  80|0x000000008b000000, 0x000000008b000000, 0x000000008b100000|  0%| F|  |TAMS 0x000000008b000000, 0x000000008b000000| Untracked 
|  81|0x000000008b100000, 0x000000008b100000, 0x000000008b200000|  0%| F|  |TAMS 0x000000008b100000, 0x000000008b100000| Untracked 
|  82|0x000000008b200000, 0x000000008b200000, 0x000000008b300000|  0%| F|  |TAMS 0x000000008b200000, 0x000000008b200000| Untracked 
|  83|0x000000008b300000, 0x000000008b300000, 0x000000008b400000|  0%| F|  |TAMS 0x000000008b300000, 0x000000008b300000| Untracked 
|  84|0x000000008b400000, 0x000000008b400000, 0x000000008b500000|  0%| F|  |TAMS 0x000000008b400000, 0x000000008b400000| Untracked 
|  85|0x000000008b500000, 0x000000008b500000, 0x000000008b600000|  0%| F|  |TAMS 0x000000008b500000, 0x000000008b500000| Untracked 
|  86|0x000000008b600000, 0x000000008b600000, 0x000000008b700000|  0%| F|  |TAMS 0x000000008b600000, 0x000000008b600000| Untracked 
|  87|0x000000008b700000, 0x000000008b700000, 0x000000008b800000|  0%| F|  |TAMS 0x000000008b700000, 0x000000008b700000| Untracked 
|  88|0x000000008b800000, 0x000000008b800000, 0x000000008b900000|  0%| F|  |TAMS 0x000000008b800000, 0x000000008b800000| Untracked 
|  89|0x000000008b900000, 0x000000008b900000, 0x000000008ba00000|  0%| F|  |TAMS 0x000000008b900000, 0x000000008b900000| Untracked 
|  90|0x000000008ba00000, 0x000000008ba00000, 0x000000008bb00000|  0%| F|  |TAMS 0x000000008ba00000, 0x000000008ba00000| Untracked 
|  91|0x000000008bb00000, 0x000000008bb00000, 0x000000008bc00000|  0%| F|  |TAMS 0x000000008bb00000, 0x000000008bb00000| Untracked 
|  92|0x000000008bc00000, 0x000000008bc00000, 0x000000008bd00000|  0%| F|  |TAMS 0x000000008bc00000, 0x000000008bc00000| Untracked 
|  93|0x000000008bd00000, 0x000000008bd00000, 0x000000008be00000|  0%| F|  |TAMS 0x000000008bd00000, 0x000000008bd00000| Untracked 
|  94|0x000000008be00000, 0x000000008be00000, 0x000000008bf00000|  0%| F|  |TAMS 0x000000008be00000, 0x000000008be00000| Untracked 
|  95|0x000000008bf00000, 0x000000008bf00000, 0x000000008c000000|  0%| F|  |TAMS 0x000000008bf00000, 0x000000008bf00000| Untracked 
|  96|0x000000008c000000, 0x000000008c000000, 0x000000008c100000|  0%| F|  |TAMS 0x000000008c000000, 0x000000008c000000| Untracked 
|  97|0x000000008c100000, 0x000000008c100000, 0x000000008c200000|  0%| F|  |TAMS 0x000000008c100000, 0x000000008c100000| Untracked 
|  98|0x000000008c200000, 0x000000008c200000, 0x000000008c300000|  0%| F|  |TAMS 0x000000008c200000, 0x000000008c200000| Untracked 
|  99|0x000000008c300000, 0x000000008c300000, 0x000000008c400000|  0%| F|  |TAMS 0x000000008c300000, 0x000000008c300000| Untracked 
| 100|0x000000008c400000, 0x000000008c400000, 0x000000008c500000|  0%| F|  |TAMS 0x000000008c400000, 0x000000008c400000| Untracked 
| 101|0x000000008c500000, 0x000000008c500000, 0x000000008c600000|  0%| F|  |TAMS 0x000000008c500000, 0x000000008c500000| Untracked 
| 102|0x000000008c600000, 0x000000008c600000, 0x000000008c700000|  0%| F|  |TAMS 0x000000008c600000, 0x000000008c600000| Untracked 
| 103|0x000000008c700000, 0x000000008c700000, 0x000000008c800000|  0%| F|  |TAMS 0x000000008c700000, 0x000000008c700000| Untracked 
| 104|0x000000008c800000, 0x000000008c800000, 0x000000008c900000|  0%| F|  |TAMS 0x000000008c800000, 0x000000008c800000| Untracked 
| 105|0x000000008c900000, 0x000000008c900000, 0x000000008ca00000|  0%| F|  |TAMS 0x000000008c900000, 0x000000008c900000| Untracked 
| 106|0x000000008ca00000, 0x000000008ca00000, 0x000000008cb00000|  0%| F|  |TAMS 0x000000008ca00000, 0x000000008ca00000| Untracked 
| 107|0x000000008cb00000, 0x000000008cb00000, 0x000000008cc00000|  0%| F|  |TAMS 0x000000008cb00000, 0x000000008cb00000| Untracked 
| 108|0x000000008cc00000, 0x000000008cc00000, 0x000000008cd00000|  0%| F|  |TAMS 0x000000008cc00000, 0x000000008cc00000| Untracked 
| 109|0x000000008cd00000, 0x000000008cd00000, 0x000000008ce00000|  0%| F|  |TAMS 0x000000008cd00000, 0x000000008cd00000| Untracked 
| 110|0x000000008ce00000, 0x000000008ce00000, 0x000000008cf00000|  0%| F|  |TAMS 0x000000008ce00000, 0x000000008ce00000| Untracked 
| 111|0x000000008cf00000, 0x000000008cf00000, 0x000000008d000000|  0%| F|  |TAMS 0x000000008cf00000, 0x000000008cf00000| Untracked 
| 112|0x000000008d000000, 0x000000008d000000, 0x000000008d100000|  0%| F|  |TAMS 0x000000008d000000, 0x000000008d000000| Untracked 
| 113|0x000000008d100000, 0x000000008d100000, 0x000000008d200000|  0%| F|  |TAMS 0x000000008d100000, 0x000000008d100000| Untracked 
| 114|0x000000008d200000, 0x000000008d200000, 0x000000008d300000|  0%| F|  |TAMS 0x000000008d200000, 0x000000008d200000| Untracked 
| 115|0x000000008d300000, 0x000000008d300000, 0x000000008d400000|  0%| F|  |TAMS 0x000000008d300000, 0x000000008d300000| Untracked 
| 116|0x000000008d400000, 0x000000008d400000, 0x000000008d500000|  0%| F|  |TAMS 0x000000008d400000, 0x000000008d400000| Untracked 
| 117|0x000000008d500000, 0x000000008d500000, 0x000000008d600000|  0%| F|  |TAMS 0x000000008d500000, 0x000000008d500000| Untracked 
| 118|0x000000008d600000, 0x000000008d600000, 0x000000008d700000|  0%| F|  |TAMS 0x000000008d600000, 0x000000008d600000| Untracked 
| 119|0x000000008d700000, 0x000000008d700000, 0x000000008d800000|  0%| F|  |TAMS 0x000000008d700000, 0x000000008d700000| Untracked 
| 120|0x000000008d800000, 0x000000008d800000, 0x000000008d900000|  0%| F|  |TAMS 0x000000008d800000, 0x000000008d800000| Untracked 
| 121|0x000000008d900000, 0x000000008da00000, 0x000000008da00000|100%| E|  |TAMS 0x000000008d900000, 0x000000008d900000| Complete 
|1950|0x00000000ffe00000, 0x00000000ffe47000, 0x00000000fff00000| 27%|OA|  |TAMS 0x00000000ffe00000, 0x00000000ffe00000| Untracked 
|1951|0x00000000fff00000, 0x00000000fff6b000, 0x0000000100000000| 41%|CA|  |TAMS 0x00000000fff00000, 0x00000000fff00000| Untracked 

Card table byte_map: [0x00007f31ad39d000,0x00007f31ad76d000] _byte_map_base: 0x00007f31acf6d000

Marking Bits (Prev, Next): (CMBitMap*) 0x00007f31a8056dc8, (CMBitMap*) 0x00007f31a8056e00
 Prev Bits: [0x00007f318a180000, 0x00007f318c000000)
 Next Bits: [0x00007f3188300000, 0x00007f318a180000)

Polling page: 0x00007f31b01d9000

Metaspace:

Usage:
  Non-class:      4.00 MB capacity,   151.18 KB (  4%) used,     3.86 MB ( 96%) free+waste,   128 bytes ( <1%) overhead. 
      Class:    386.00 KB capacity,     5.67 KB (  1%) used,   380.20 KB ( 98%) free+waste,   128 bytes ( <1%) overhead. 
       Both:      4.38 MB capacity,   156.85 KB (  3%) used,     4.23 MB ( 96%) free+waste,   256 bytes ( <1%) overhead. 

Virtual space:
  Non-class space:        8.00 MB reserved,       4.25 MB ( 53%) committed 
      Class space:        1.00 GB reserved,     512.00 KB ( <1%) committed 
             Both:        1.01 GB reserved,       4.75 MB ( <1%) committed 

Chunk freelists:
   Non-Class:  0 bytes
       Class:  0 bytes
        Both:  0 bytes

MaxMetaspaceSize: unlimited
CompressedClassSpaceSize: 1.00 GB

CodeHeap 'non-profiled nmethods': size=120032Kb used=14Kb max_used=14Kb free=120017Kb
 bounds [0x00007f3198340000, 0x00007f31985b0000, 0x00007f319f878000]
CodeHeap 'profiled nmethods': size=120028Kb used=79Kb max_used=79Kb free=119948Kb
 bounds [0x00007f3190e09000, 0x00007f3191079000, 0x00007f3198340000]
CodeHeap 'non-nmethods': size=5700Kb used=986Kb max_used=995Kb free=4714Kb
 bounds [0x00007f3190878000, 0x00007f3190ae8000, 0x00007f3190e09000]
 total_blobs=300 nmethods=58 adapters=155
 compilation: enabled
              stopped_count=0, restarted_count=0
 full_count=0

Compilation events (20 events):
Event: 0.019 Thread 0x00007f31a8134800 nmethod 55 0x00007f3198342f90 code [0x00007f3198343120, 0x00007f31983431b8]
Event: 0.019 Thread 0x00007f31a8136800 nmethod 53 0x00007f3190e19b90 code [0x00007f3190e19d60, 0x00007f3190e1a070]
Event: 0.019 Thread 0x00007f31a8136800   48       3       jdk.internal.module.ModuleBootstrap$2::hasNext (30 bytes)
Event: 0.019 Thread 0x00007f31a8136800 nmethod 48 0x00007f3190e1a190 code [0x00007f3190e1a360, 0x00007f3190e1a6b0]
Event: 0.019 Thread 0x00007f31a8136800   50       3       jdk.internal.module.ModuleBootstrap$2::next (52 bytes)
Event: 0.019 Thread 0x00007f31a8136800 nmethod 50 0x00007f3190e1a790 code [0x00007f3190e1a9a0, 0x00007f3190e1af00]
Event: 0.019 Thread 0x00007f31a8136800   45       1       java.lang.module.ModuleDescriptor::isOpen (5 bytes)
Event: 0.019 Thread 0x00007f31a8136800 nmethod 45 0x00007f3198343290 code [0x00007f3198343440, 0x00007f3198343510]
Event: 0.019 Thread 0x00007f31a8136800   49       3       java.util.ImmutableCollections$Set12$1::next (92 bytes)
Event: 0.019 Thread 0x00007f31a8136800 nmethod 49 0x00007f3190e1b090 code [0x00007f3190e1b260, 0x00007f3190e1b4e0]
Event: 0.019 Thread 0x00007f31a8136800   51       1       java.lang.Module::getDescriptor (5 bytes)
Event: 0.019 Thread 0x00007f31a8136800 nmethod 51 0x00007f3198343590 code [0x00007f3198343740, 0x00007f3198343810]
Event: 0.019 Thread 0x00007f31a8136800   44       3       java.util.HashSet::add (20 bytes)
Event: 0.020 Thread 0x00007f31a8136800 nmethod 44 0x00007f3190e1b610 code [0x00007f3190e1b800, 0x00007f3190e1bc70]
Event: 0.020 Thread 0x00007f31a8136800   56       3       java.lang.String::charAt (25 bytes)
Event: 0.020 Thread 0x00007f31a8136800 nmethod 56 0x00007f3190e1be10 code [0x00007f3190e1c000, 0x00007f3190e1c3d0]
Event: 0.020 Thread 0x00007f31a8136800   57       3       java.lang.StringLatin1::charAt (28 bytes)
Event: 0.020 Thread 0x00007f31a8136800 nmethod 57 0x00007f3190e1c510 code [0x00007f3190e1c6e0, 0x00007f3190e1c8c0]
Event: 0.020 Thread 0x00007f31a8136800   58       3       java.lang.CharacterDataLatin1::getProperties (11 bytes)
Event: 0.020 Thread 0x00007f31a8136800 nmethod 58 0x00007f3190e1c990 code [0x00007f3190e1cb40, 0x00007f3190e1cc90]

GC Heap History (0 events):
No events

Deoptimization events (0 events):
No events

Classes redefined (0 events):
No events

Internal exceptions (0 events):
No events

Events (20 events):
Event: 0.010 Thread 0x00007f31a8134800 Thread added: 0x00007f31a8134800
Event: 0.010 Protecting memory [0x00007f3180dd4000,0x00007f3180dd8000] with protection modes 0
Event: 0.010 Thread 0x00007f31a8136800 Thread added: 0x00007f31a8136800
Event: 0.010 Protecting memory [0x00007f3180cd3000,0x00007f3180cd7000] with protection modes 0
Event: 0.010 Thread 0x00007f31a8138800 Thread added: 0x00007f31a8138800
Event: 0.010 Protecting memory [0x00007f3180bd2000,0x00007f3180bd6000] with protection modes 0
Event: 0.019 Executing VM operation: EnableBiasedLocking
Event: 0.019 Executing VM operation: EnableBiasedLocking done
Event: 0.019 loading class jdk/internal/vm/PostVMInitHook
Event: 0.019 loading class jdk/internal/vm/PostVMInitHook done
Event: 0.019 loading class Main
Event: 0.019 loading class Main done
Event: 0.020 loading class jdk/internal/loader/URLClassPath$FileLoader
Event: 0.020 loading class jdk/internal/loader/URLClassPath$FileLoader done
Event: 0.020 loading class jdk/internal/loader/URLClassPath$FileLoader$1
Event: 0.020 loading class jdk/internal/loader/URLClassPath$FileLoader$1 done
Event: 0.020 Thread 0x00007f31a818b800 Thread added: 0x00007f31a818b800
Event: 0.020 Protecting memory [0x00007f31809cf000,0x00007f31809d3000] with protection modes 0
Event: 0.020 Executing VM operation: RevokeBias
Event: 0.021 Executing VM operation: RevokeBias done


Dynamic libraries:
86000000-8da00000 rw-p 00000000 00:00 0 
8da00000-ffe00000 ---p 00000000 00:00 0 
ffe00000-ffe47000 rw-p 01111000 08:14 31712                              /usr/lib/jvm/java-11-openjdk-amd64/lib/server/classes.jsa
ffe47000-fff00000 rw-p 00000000 00:00 0 
fff00000-fff6b000 rw-p 010a6000 08:14 31712                              /usr/lib/jvm/java-11-openjdk-amd64/lib/server/classes.jsa
fff6b000-100000000 rw-p 00000000 00:00 0 
800000000-800002000 rwxp 00001000 08:14 31712                            /usr/lib/jvm/java-11-openjdk-amd64/lib/server/classes.jsa
800002000-8003b9000 rw-p 00003000 08:14 31712                            /usr/lib/jvm/java-11-openjdk-amd64/lib/server/classes.jsa
8003b9000-800a96000 r--p 003ba000 08:14 31712                            /usr/lib/jvm/java-11-openjdk-amd64/lib/server/classes.jsa
800a96000-800a97000 rw-p 00a97000 08:14 31712                            /usr/lib/jvm/java-11-openjdk-amd64/lib/server/classes.jsa
800a97000-8010a5000 r--p 00a98000 08:14 31712                            /usr/lib/jvm/java-11-openjdk-amd64/lib/server/classes.jsa
840000000-840080000 rw-p 00000000 00:00 0 
840080000-880000000 ---p 00000000 00:00 0 
561349721000-561349722000 r--p 00000000 08:14 1310698                    /usr/lib/jvm/java-11-openjdk-amd64/bin/java
561349722000-561349723000 r-xp 00001000 08:14 1310698                    /usr/lib/jvm/java-11-openjdk-amd64/bin/java
561349723000-561349724000 r--p 00002000 08:14 1310698                    /usr/lib/jvm/java-11-openjdk-amd64/bin/java
561349724000-561349725000 r--p 00002000 08:14 1310698                    /usr/lib/jvm/java-11-openjdk-amd64/bin/java
561349725000-561349726000 rw-p 00003000 08:14 1310698                    /usr/lib/jvm/java-11-openjdk-amd64/bin/java
561349bfd000-561349c1e000 rw-p 00000000 00:00 0                          [heap]
7f3148000000-7f3148021000 rw-p 00000000 00:00 0 
7f3148021000-7f314c000000 ---p 00000000 00:00 0 
7f3150000000-7f3150021000 rw-p 00000000 00:00 0 
7f3150021000-7f3154000000 ---p 00000000 00:00 0 
7f3154000000-7f3154021000 rw-p 00000000 00:00 0 
7f3154021000-7f3158000000 ---p 00000000 00:00 0 
7f3158000000-7f315808e000 rw-p 00000000 00:00 0 
7f315808e000-7f315c000000 ---p 00000000 00:00 0 
7f315c000000-7f315c055000 rw-p 00000000 00:00 0 
7f315c055000-7f3160000000 ---p 00000000 00:00 0 
7f3160000000-7f3160021000 rw-p 00000000 00:00 0 
7f3160021000-7f3164000000 ---p 00000000 00:00 0 
7f3164000000-7f3164021000 rw-p 00000000 00:00 0 
7f3164021000-7f3168000000 ---p 00000000 00:00 0 
7f3168000000-7f3168021000 rw-p 00000000 00:00 0 
7f3168021000-7f316c000000 ---p 00000000 00:00 0 
7f316c000000-7f316c021000 rw-p 00000000 00:00 0 
7f316c021000-7f3170000000 ---p 00000000 00:00 0 
7f3170000000-7f3170021000 rw-p 00000000 00:00 0 
7f3170021000-7f3174000000 ---p 00000000 00:00 0 
7f3174000000-7f3174021000 rw-p 00000000 00:00 0 
7f3174021000-7f3178000000 ---p 00000000 00:00 0 
7f3178000000-7f3178021000 rw-p 00000000 00:00 0 
7f3178021000-7f317c000000 ---p 00000000 00:00 0 
7f317c000000-7f317c021000 rw-p 00000000 00:00 0 
7f317c021000-7f3180000000 ---p 00000000 00:00 0 
7f31809cf000-7f31809d3000 ---p 00000000 00:00 0 
7f31809d3000-7f3180ad0000 rw-p 00000000 00:00 0 
7f3180ad0000-7f3180ad1000 ---p 00000000 00:00 0 
7f3180ad1000-7f3180bd2000 rw-p 00000000 00:00 0 
7f3180bd2000-7f3180bd6000 ---p 00000000 00:00 0 
7f3180bd6000-7f3180cd3000 rw-p 00000000 00:00 0 
7f3180cd3000-7f3180cd7000 ---p 00000000 00:00 0 
7f3180cd7000-7f3180dd4000 rw-p 00000000 00:00 0 
7f3180dd4000-7f3180dd8000 ---p 00000000 00:00 0 
7f3180dd8000-7f3180ed5000 rw-p 00000000 00:00 0 
7f3180ed5000-7f3180ed9000 ---p 00000000 00:00 0 
7f3180ed9000-7f3180fd6000 rw-p 00000000 00:00 0 
7f3180fd6000-7f3180fda000 ---p 00000000 00:00 0 
7f3180fda000-7f31810d7000 rw-p 00000000 00:00 0 
7f31810d7000-7f3181eff000 r--p 00000000 08:14 1184718                    /usr/lib/locale/locale-archive
7f3181eff000-7f3181f03000 ---p 00000000 00:00 0 
7f3181f03000-7f3184000000 rw-p 00000000 00:00 0 
7f3184000000-7f3184021000 rw-p 00000000 00:00 0 
7f3184021000-7f3188000000 ---p 00000000 00:00 0 
7f318807c000-7f3188080000 ---p 00000000 00:00 0 
7f3188080000-7f318817d000 rw-p 00000000 00:00 0 
7f318817d000-7f318817e000 ---p 00000000 00:00 0 
7f318817e000-7f31884e8000 rw-p 00000000 00:00 0 
7f31884e8000-7f318a178000 ---p 00000000 00:00 0 
7f318a178000-7f318a368000 rw-p 00000000 00:00 0 
7f318a368000-7f318bff8000 ---p 00000000 00:00 0 
7f318bff8000-7f318c000000 rw-p 00000000 00:00 0 
7f318c000000-7f318c021000 rw-p 00000000 00:00 0 
7f318c021000-7f3190000000 ---p 00000000 00:00 0 
7f3190078000-7f31904b8000 rw-p 00000000 00:00 0 
7f31904b8000-7f3190878000 ---p 00000000 00:00 0 
7f3190878000-7f3190ae8000 rwxp 00000000 00:00 0 
7f3190ae8000-7f3190e09000 ---p 00000000 00:00 0 
7f3190e09000-7f3191079000 rwxp 00000000 00:00 0 
7f3191079000-7f3198340000 ---p 00000000 00:00 0 
7f3198340000-7f31985b0000 rwxp 00000000 00:00 0 
7f31985b0000-7f319f878000 ---p 00000000 00:00 0 
7f319f878000-7f31a8000000 r--s 00000000 08:14 31688                      /usr/lib/jvm/java-11-openjdk-amd64/lib/modules
7f31a8000000-7f31a819b000 rw-p 00000000 00:00 0 
7f31a819b000-7f31ac000000 ---p 00000000 00:00 0 
7f31ac078000-7f31ac13d000 rw-p 00000000 00:00 0 
7f31ac13d000-7f31ac13e000 ---p 00000000 00:00 0 
7f31ac13e000-7f31ac23f000 rw-p 00000000 00:00 0 
7f31ac23f000-7f31ac240000 ---p 00000000 00:00 0 
7f31ac240000-7f31acd4b000 rw-p 00000000 00:00 0 
7f31acd4b000-7f31acd4c000 ---p 00000000 00:00 0 
7f31acd4c000-7f31ace4d000 rw-p 00000000 00:00 0 
7f31ace4d000-7f31ace4e000 ---p 00000000 00:00 0 
7f31ace4e000-7f31ad00a000 rw-p 00000000 00:00 0 
7f31ad00a000-7f31ad39c000 ---p 00000000 00:00 0 
7f31ad39c000-7f31ad3da000 rw-p 00000000 00:00 0 
7f31ad3da000-7f31ad76c000 ---p 00000000 00:00 0 
7f31ad76c000-7f31ad7aa000 rw-p 00000000 00:00 0 
7f31ad7aa000-7f31adb3c000 ---p 00000000 00:00 0 
7f31adb3c000-7f31ae547000 rw-p 00000000 00:00 0 
7f31ae547000-7f31ae548000 ---p 00000000 00:00 0 
7f31ae548000-7f31ae64e000 rw-p 00000000 00:00 0 
7f31ae64e000-7f31ae734000 ---p 00000000 00:00 0 
7f31ae734000-7f31ae739000 rw-p 00000000 00:00 0 
7f31ae739000-7f31ae81f000 ---p 00000000 00:00 0 
7f31ae81f000-7f31ae824000 rw-p 00000000 00:00 0 
7f31ae824000-7f31ae82b000 ---p 00000000 00:00 0 
7f31ae82b000-7f31ae82d000 r--p 00000000 08:14 31687                      /usr/lib/jvm/java-11-openjdk-amd64/lib/libzip.so
7f31ae82d000-7f31ae831000 r-xp 00002000 08:14 31687                      /usr/lib/jvm/java-11-openjdk-amd64/lib/libzip.so
7f31ae831000-7f31ae833000 r--p 00006000 08:14 31687                      /usr/lib/jvm/java-11-openjdk-amd64/lib/libzip.so
7f31ae833000-7f31ae834000 r--p 00007000 08:14 31687                      /usr/lib/jvm/java-11-openjdk-amd64/lib/libzip.so
7f31ae834000-7f31ae835000 rw-p 00008000 08:14 31687                      /usr/lib/jvm/java-11-openjdk-amd64/lib/libzip.so
7f31ae835000-7f31ae838000 r--p 00000000 08:14 1187639                    /usr/lib/x86_64-linux-gnu/libnss_files-2.31.so
7f31ae838000-7f31ae83f000 r-xp 00003000 08:14 1187639                    /usr/lib/x86_64-linux-gnu/libnss_files-2.31.so
7f31ae83f000-7f31ae841000 r--p 0000a000 08:14 1187639                    /usr/lib/x86_64-linux-gnu/libnss_files-2.31.so
7f31ae841000-7f31ae842000 r--p 0000b000 08:14 1187639                    /usr/lib/x86_64-linux-gnu/libnss_files-2.31.so
7f31ae842000-7f31ae843000 rw-p 0000c000 08:14 1187639                    /usr/lib/x86_64-linux-gnu/libnss_files-2.31.so
7f31ae843000-7f31ae849000 rw-p 00000000 00:00 0 
7f31ae852000-7f31ae85a000 rw-s 00000000 08:14 538793                     /tmp/hsperfdata_curry0622/308433
7f31ae85a000-7f31ae868000 r--p 00000000 08:14 31667                      /usr/lib/jvm/java-11-openjdk-amd64/lib/libjava.so
7f31ae868000-7f31ae87e000 r-xp 0000e000 08:14 31667                      /usr/lib/jvm/java-11-openjdk-amd64/lib/libjava.so
7f31ae87e000-7f31ae885000 r--p 00024000 08:14 31667                      /usr/lib/jvm/java-11-openjdk-amd64/lib/libjava.so
7f31ae885000-7f31ae886000 r--p 0002a000 08:14 31667                      /usr/lib/jvm/java-11-openjdk-amd64/lib/libjava.so
7f31ae886000-7f31ae887000 rw-p 0002b000 08:14 31667                      /usr/lib/jvm/java-11-openjdk-amd64/lib/libjava.so
7f31ae887000-7f31ae888000 rw-p 00000000 00:00 0 
7f31ae888000-7f31ae88d000 r--p 00000000 08:14 31686                      /usr/lib/jvm/java-11-openjdk-amd64/lib/libverify.so
7f31ae88d000-7f31ae894000 r-xp 00005000 08:14 31686                      /usr/lib/jvm/java-11-openjdk-amd64/lib/libverify.so
7f31ae894000-7f31ae896000 r--p 0000c000 08:14 31686                      /usr/lib/jvm/java-11-openjdk-amd64/lib/libverify.so
7f31ae896000-7f31ae897000 ---p 0000e000 08:14 31686                      /usr/lib/jvm/java-11-openjdk-amd64/lib/libverify.so
7f31ae897000-7f31ae899000 r--p 0000e000 08:14 31686                      /usr/lib/jvm/java-11-openjdk-amd64/lib/libverify.so
7f31ae899000-7f31ae89a000 rw-p 00010000 08:14 31686                      /usr/lib/jvm/java-11-openjdk-amd64/lib/libverify.so
7f31ae89a000-7f31ae89d000 r--p 00000000 08:14 1187841                    /usr/lib/x86_64-linux-gnu/librt-2.31.so
7f31ae89d000-7f31ae8a1000 r-xp 00003000 08:14 1187841                    /usr/lib/x86_64-linux-gnu/librt-2.31.so
7f31ae8a1000-7f31ae8a2000 r--p 00007000 08:14 1187841                    /usr/lib/x86_64-linux-gnu/librt-2.31.so
7f31ae8a2000-7f31ae8a3000 ---p 00008000 08:14 1187841                    /usr/lib/x86_64-linux-gnu/librt-2.31.so
7f31ae8a3000-7f31ae8a4000 r--p 00008000 08:14 1187841                    /usr/lib/x86_64-linux-gnu/librt-2.31.so
7f31ae8a4000-7f31ae8a5000 rw-p 00009000 08:14 1187841                    /usr/lib/x86_64-linux-gnu/librt-2.31.so
7f31ae8a5000-7f31ae8a9000 ---p 00000000 00:00 0 
7f31ae8a9000-7f31ae9a6000 rw-p 00000000 00:00 0 
7f31ae9a6000-7f31ae9a9000 r--p 00000000 08:14 1187160                    /usr/lib/x86_64-linux-gnu/libgcc_s.so.1
7f31ae9a9000-7f31ae9bb000 r-xp 00003000 08:14 1187160                    /usr/lib/x86_64-linux-gnu/libgcc_s.so.1
7f31ae9bb000-7f31ae9bf000 r--p 00015000 08:14 1187160                    /usr/lib/x86_64-linux-gnu/libgcc_s.so.1
7f31ae9bf000-7f31ae9c0000 r--p 00018000 08:14 1187160                    /usr/lib/x86_64-linux-gnu/libgcc_s.so.1
7f31ae9c0000-7f31ae9c1000 rw-p 00019000 08:14 1187160                    /usr/lib/x86_64-linux-gnu/libgcc_s.so.1
7f31ae9c1000-7f31ae9d0000 r--p 00000000 08:14 1187515                    /usr/lib/x86_64-linux-gnu/libm-2.31.so
7f31ae9d0000-7f31aea77000 r-xp 0000f000 08:14 1187515                    /usr/lib/x86_64-linux-gnu/libm-2.31.so
7f31aea77000-7f31aeb0e000 r--p 000b6000 08:14 1187515                    /usr/lib/x86_64-linux-gnu/libm-2.31.so
7f31aeb0e000-7f31aeb0f000 r--p 0014c000 08:14 1187515                    /usr/lib/x86_64-linux-gnu/libm-2.31.so
7f31aeb0f000-7f31aeb10000 rw-p 0014d000 08:14 1187515                    /usr/lib/x86_64-linux-gnu/libm-2.31.so
7f31aeb10000-7f31aeba6000 r--p 00000000 08:14 1187943                    /usr/lib/x86_64-linux-gnu/libstdc++.so.6.0.28
7f31aeba6000-7f31aec96000 r-xp 00096000 08:14 1187943                    /usr/lib/x86_64-linux-gnu/libstdc++.so.6.0.28
7f31aec96000-7f31aecdf000 r--p 00186000 08:14 1187943                    /usr/lib/x86_64-linux-gnu/libstdc++.so.6.0.28
7f31aecdf000-7f31aece0000 ---p 001cf000 08:14 1187943                    /usr/lib/x86_64-linux-gnu/libstdc++.so.6.0.28
7f31aece0000-7f31aeceb000 r--p 001cf000 08:14 1187943                    /usr/lib/x86_64-linux-gnu/libstdc++.so.6.0.28
7f31aeceb000-7f31aecee000 rw-p 001da000 08:14 1187943                    /usr/lib/x86_64-linux-gnu/libstdc++.so.6.0.28
7f31aecee000-7f31aecf1000 rw-p 00000000 00:00 0 
7f31aecf1000-7f31aef6b000 r--p 00000000 08:14 31693                      /usr/lib/jvm/java-11-openjdk-amd64/lib/server/libjvm.so
7f31aef6b000-7f31afbf0000 r-xp 0027a000 08:14 31693                      /usr/lib/jvm/java-11-openjdk-amd64/lib/server/libjvm.so
7f31afbf0000-7f31afe47000 r--p 00eff000 08:14 31693                      /usr/lib/jvm/java-11-openjdk-amd64/lib/server/libjvm.so
7f31afe47000-7f31aff08000 r--p 01155000 08:14 31693                      /usr/lib/jvm/java-11-openjdk-amd64/lib/server/libjvm.so
7f31aff08000-7f31aff43000 rw-p 01216000 08:14 31693                      /usr/lib/jvm/java-11-openjdk-amd64/lib/server/libjvm.so
7f31aff43000-7f31aff9c000 rw-p 00000000 00:00 0 
7f31aff9c000-7f31affa3000 r--p 00000000 08:14 1187780                    /usr/lib/x86_64-linux-gnu/libpthread-2.31.so
7f31affa3000-7f31affb4000 r-xp 00007000 08:14 1187780                    /usr/lib/x86_64-linux-gnu/libpthread-2.31.so
7f31affb4000-7f31affb9000 r--p 00018000 08:14 1187780                    /usr/lib/x86_64-linux-gnu/libpthread-2.31.so
7f31affb9000-7f31affba000 r--p 0001c000 08:14 1187780                    /usr/lib/x86_64-linux-gnu/libpthread-2.31.so
7f31affba000-7f31affbb000 rw-p 0001d000 08:14 1187780                    /usr/lib/x86_64-linux-gnu/libpthread-2.31.so
7f31affbb000-7f31affbf000 rw-p 00000000 00:00 0 
7f31affbf000-7f31affc0000 r--p 00000000 08:14 1187008                    /usr/lib/x86_64-linux-gnu/libdl-2.31.so
7f31affc0000-7f31affc2000 r-xp 00001000 08:14 1187008                    /usr/lib/x86_64-linux-gnu/libdl-2.31.so
7f31affc2000-7f31affc3000 r--p 00003000 08:14 1187008                    /usr/lib/x86_64-linux-gnu/libdl-2.31.so
7f31affc3000-7f31affc4000 r--p 00003000 08:14 1187008                    /usr/lib/x86_64-linux-gnu/libdl-2.31.so
7f31affc4000-7f31affc5000 rw-p 00004000 08:14 1187008                    /usr/lib/x86_64-linux-gnu/libdl-2.31.so
7f31affc5000-7f31affc7000 r--p 00000000 08:14 1188205                    /usr/lib/x86_64-linux-gnu/libz.so.1.2.11
7f31affc7000-7f31affd8000 r-xp 00002000 08:14 1188205                    /usr/lib/x86_64-linux-gnu/libz.so.1.2.11
7f31affd8000-7f31affde000 r--p 00013000 08:14 1188205                    /usr/lib/x86_64-linux-gnu/libz.so.1.2.11
7f31affde000-7f31affdf000 ---p 00019000 08:14 1188205                    /usr/lib/x86_64-linux-gnu/libz.so.1.2.11
7f31affdf000-7f31affe0000 r--p 00019000 08:14 1188205                    /usr/lib/x86_64-linux-gnu/libz.so.1.2.11
7f31affe0000-7f31affe1000 rw-p 0001a000 08:14 1188205                    /usr/lib/x86_64-linux-gnu/libz.so.1.2.11
7f31affe1000-7f31b0006000 r--p 00000000 08:14 1186873                    /usr/lib/x86_64-linux-gnu/libc-2.31.so
7f31b0006000-7f31b017e000 r-xp 00025000 08:14 1186873                    /usr/lib/x86_64-linux-gnu/libc-2.31.so
7f31b017e000-7f31b01c8000 r--p 0019d000 08:14 1186873                    /usr/lib/x86_64-linux-gnu/libc-2.31.so
7f31b01c8000-7f31b01c9000 ---p 001e7000 08:14 1186873                    /usr/lib/x86_64-linux-gnu/libc-2.31.so
7f31b01c9000-7f31b01cc000 r--p 001e7000 08:14 1186873                    /usr/lib/x86_64-linux-gnu/libc-2.31.so
7f31b01cc000-7f31b01cf000 rw-p 001ea000 08:14 1186873                    /usr/lib/x86_64-linux-gnu/libc-2.31.so
7f31b01cf000-7f31b01d3000 rw-p 00000000 00:00 0 
7f31b01d7000-7f31b01d9000 r--s 0000c000 08:14 133132                     /usr/share/java/java-atk-wrapper.jar
7f31b01d9000-7f31b01da000 ---p 00000000 00:00 0 
7f31b01da000-7f31b01db000 r--p 00000000 00:00 0 
7f31b01db000-7f31b01dd000 r--p 00000000 08:14 31670                      /usr/lib/jvm/java-11-openjdk-amd64/lib/libjimage.so
7f31b01dd000-7f31b01e0000 r-xp 00002000 08:14 31670                      /usr/lib/jvm/java-11-openjdk-amd64/lib/libjimage.so
7f31b01e0000-7f31b01e1000 r--p 00005000 08:14 31670                      /usr/lib/jvm/java-11-openjdk-amd64/lib/libjimage.so
7f31b01e1000-7f31b01e2000 ---p 00006000 08:14 31670                      /usr/lib/jvm/java-11-openjdk-amd64/lib/libjimage.so
7f31b01e2000-7f31b01e3000 r--p 00006000 08:14 31670                      /usr/lib/jvm/java-11-openjdk-amd64/lib/libjimage.so
7f31b01e3000-7f31b01e4000 rw-p 00007000 08:14 31670                      /usr/lib/jvm/java-11-openjdk-amd64/lib/libjimage.so
7f31b01e4000-7f31b01e7000 r--p 00000000 08:14 4895                       /usr/lib/jvm/java-11-openjdk-amd64/lib/jli/libjli.so
7f31b01e7000-7f31b01f1000 r-xp 00003000 08:14 4895                       /usr/lib/jvm/java-11-openjdk-amd64/lib/jli/libjli.so
7f31b01f1000-7f31b01f4000 r--p 0000d000 08:14 4895                       /usr/lib/jvm/java-11-openjdk-amd64/lib/jli/libjli.so
7f31b01f4000-7f31b01f5000 ---p 00010000 08:14 4895                       /usr/lib/jvm/java-11-openjdk-amd64/lib/jli/libjli.so
7f31b01f5000-7f31b01f6000 r--p 00010000 08:14 4895                       /usr/lib/jvm/java-11-openjdk-amd64/lib/jli/libjli.so
7f31b01f6000-7f31b01f7000 rw-p 00011000 08:14 4895                       /usr/lib/jvm/java-11-openjdk-amd64/lib/jli/libjli.so
7f31b01f7000-7f31b01f9000 rw-p 00000000 00:00 0 
7f31b01f9000-7f31b01fa000 r--p 00000000 08:14 1186657                    /usr/lib/x86_64-linux-gnu/ld-2.31.so
7f31b01fa000-7f31b021d000 r-xp 00001000 08:14 1186657                    /usr/lib/x86_64-linux-gnu/ld-2.31.so
7f31b021d000-7f31b0225000 r--p 00024000 08:14 1186657                    /usr/lib/x86_64-linux-gnu/ld-2.31.so
7f31b0226000-7f31b0227000 r--p 0002c000 08:14 1186657                    /usr/lib/x86_64-linux-gnu/ld-2.31.so
7f31b0227000-7f31b0228000 rw-p 0002d000 08:14 1186657                    /usr/lib/x86_64-linux-gnu/ld-2.31.so
7f31b0228000-7f31b0229000 rw-p 00000000 00:00 0 
7ffcf433b000-7ffcf435c000 rw-p 00000000 00:00 0                          [stack]
7ffcf43b5000-7ffcf43b9000 r--p 00000000 00:00 0                          [vvar]
7ffcf43b9000-7ffcf43bb000 r-xp 00000000 00:00 0                          [vdso]
ffffffffff600000-ffffffffff601000 --xp 00000000 00:00 0                  [vsyscall]


VM Arguments:
jvm_args: -Xverify:none 
java_command: Main
java_class_path (initial): .
Launcher Type: SUN_STANDARD

[Global flags]
     bool BytecodeVerificationLocal                = false                                     {product} {command line}
     bool BytecodeVerificationRemote               = false                                     {product} {command line}
     intx CICompilerCount                          = 4                                         {product} {ergonomic}
     uint ConcGCThreads                            = 3                                         {product} {ergonomic}
     uint G1ConcRefinementThreads                  = 10                                        {product} {ergonomic}
   size_t G1HeapRegionSize                         = 1048576                                   {product} {ergonomic}
    uintx GCDrainStackTargetSize                   = 64                                        {product} {ergonomic}
   size_t InitialHeapSize                          = 127926272                                 {product} {ergonomic}
   size_t MarkStackSize                            = 4194304                                   {product} {ergonomic}
   size_t MaxHeapSize                              = 2046820352                                {product} {ergonomic}
   size_t MaxNewSize                               = 1227882496                                {product} {ergonomic}
   size_t MinHeapDeltaBytes                        = 1048576                                   {product} {ergonomic}
    uintx NonNMethodCodeHeapSize                   = 5836300                                {pd product} {ergonomic}
    uintx NonProfiledCodeHeapSize                  = 122910970                              {pd product} {ergonomic}
    uintx ProfiledCodeHeapSize                     = 122910970                              {pd product} {ergonomic}
    uintx ReservedCodeCacheSize                    = 251658240                              {pd product} {ergonomic}
     bool SegmentedCodeCache                       = true                                      {product} {ergonomic}
     bool UseCompressedClassPointers               = true                                 {lp64_product} {ergonomic}
     bool UseCompressedOops                        = true                                 {lp64_product} {ergonomic}
     bool UseG1GC                                  = true                                      {product} {ergonomic}

Logging:
Log output configuration:
 #0: stdout all=warning uptime,level,tags
 #1: stderr all=off uptime,level,tags

Environment Variables:
PATH=/usr/local/sbin:/usr/local/bin:/usr/sbin:/usr/bin:/sbin:/bin:/usr/games:/usr/local/games:/snap/bin
USERNAME=curry0622
SHELL=/bin/bash
DISPLAY=:0
LANG=en_US.UTF-8

Signal Handlers:
SIGSEGV: [libjvm.so+0xe8ba00], sa_mask[0]=11111111011111111101111111111110, sa_flags=SA_RESTART|SA_SIGINFO
SIGBUS: [libjvm.so+0xe8ba00], sa_mask[0]=11111111011111111101111111111110, sa_flags=SA_RESTART|SA_SIGINFO
SIGFPE: [libjvm.so+0xe8ba00], sa_mask[0]=11111111011111111101111111111110, sa_flags=SA_RESTART|SA_SIGINFO
SIGPIPE: [libjvm.so+0xbd10f0], sa_mask[0]=11111111011111111101111111111110, sa_flags=SA_RESTART|SA_SIGINFO
SIGXFSZ: [libjvm.so+0xbd10f0], sa_mask[0]=11111111011111111101111111111110, sa_flags=SA_RESTART|SA_SIGINFO
SIGILL: [libjvm.so+0xe8ba00], sa_mask[0]=11111111011111111101111111111110, sa_flags=SA_RESTART|SA_SIGINFO
SIGUSR2: [libjvm.so+0xbd0f90], sa_mask[0]=00000000000000000000000000000000, sa_flags=SA_RESTART|SA_SIGINFO
SIGHUP: [libjvm.so+0xbd1430], sa_mask[0]=11111111011111111101111111111110, sa_flags=SA_RESTART|SA_SIGINFO
SIGINT: [libjvm.so+0xbd1430], sa_mask[0]=11111111011111111101111111111110, sa_flags=SA_RESTART|SA_SIGINFO
SIGTERM: [libjvm.so+0xbd1430], sa_mask[0]=11111111011111111101111111111110, sa_flags=SA_RESTART|SA_SIGINFO
SIGQUIT: [libjvm.so+0xbd1430], sa_mask[0]=11111111011111111101111111111110, sa_flags=SA_RESTART|SA_SIGINFO


---------------  S Y S T E M  ---------------

OS:DISTRIB_ID=Ubuntu
DISTRIB_RELEASE=20.04
DISTRIB_CODENAME=focal
DISTRIB_DESCRIPTION="Ubuntu 20.04.2 LTS"
uname:Linux 5.8.0-53-generic #60~20.04.1-Ubuntu SMP Thu May 6 09:52:46 UTC 2021 x86_64
OS uptime: 1 days 8:58 hours
libc:glibc 2.31 NPTL 2.31 
rlimit (soft/hard): STACK 8192k/infinity , CORE 0k/infinity , NPROC 30989/30989 , NOFILE 1048576/1048576 , AS infinity/infinity , CPU infinity/infinity , DATA infinity/infinity , FSIZE infinity/infinity , MEMLOCK 65536k/65536k
load average:0.73 0.49 0.56

/proc/meminfo:
MemTotal:        7992316 kB
MemFree:          133108 kB
MemAvailable:     876772 kB
Buffers:           60424 kB
Cached:          1315680 kB
SwapCached:        60604 kB
Active:          6073020 kB
Inactive:        1135656 kB
Active(anon):    5520548 kB
Inactive(anon):   774488 kB
Active(file):     552472 kB
Inactive(file):   361168 kB
Unevictable:       35932 kB
Mlocked:              64 kB
SwapTotal:       8000508 kB
SwapFree:        6060048 kB
Dirty:              1216 kB
Writeback:             0 kB
AnonPages:       5848844 kB
Mapped:           736584 kB
Shmem:            612112 kB
KReclaimable:     110588 kB
Slab:             349924 kB
SReclaimable:     110588 kB
SUnreclaim:       239336 kB
KernelStack:       33732 kB
PageTables:        95416 kB
NFS_Unstable:          0 kB
Bounce:                0 kB
WritebackTmp:          0 kB
CommitLimit:    11996664 kB
Committed_AS:   26131076 kB
VmallocTotal:   34359738367 kB
VmallocUsed:       58876 kB
VmallocChunk:          0 kB
Percpu:            13952 kB
HardwareCorrupted:     0 kB
AnonHugePages:      8192 kB
ShmemHugePages:        0 kB
ShmemPmdMapped:        0 kB
FileHugePages:         0 kB
FilePmdMapped:         0 kB
HugePages_Total:       0
HugePages_Free:        0
HugePages_Rsvd:        0
HugePages_Surp:        0
Hugepagesize:       2048 kB
Hugetlb:               0 kB
DirectMap4k:      574064 kB
DirectMap2M:     7657472 kB
DirectMap1G:           0 kB

/sys/kernel/mm/transparent_hugepage/enabled:
always [madvise] never
/sys/kernel/mm/transparent_hugepage/defrag (defrag/compaction efforts parameter):
always defer defer+madvise [madvise] never

Process Memory:
Virtual Size: 4693832K (peak: 13441376K)
Resident Set Size: 33572K (peak: 33572K) (anon: 8496K, file: 25076K, shmem: 0K)
Swapped out: 0K
C-Heap outstanding allocations: 2719K

/proc/sys/kernel/threads-max (system-wide limit on the number of threads):
61978
/proc/sys/vm/max_map_count (maximum number of memory map areas a process may have):
65530
/proc/sys/kernel/pid_max (system-wide limit on number of process identifiers):
4194304

container (cgroup) information:
container_type: cgroupv1
cpu_cpuset_cpus: 0-11
cpu_memory_nodes: 0
active_processor_count: 12
cpu_quota: -1
cpu_period: 100000
cpu_shares: -1
memory_limit_in_bytes: -1
memory_and_swap_limit_in_bytes: -1
memory_soft_limit_in_bytes: -1
memory_usage_in_bytes: 3527020544
memory_max_usage_in_bytes: 4055269376

Steal ticks since vm start: 0
Steal ticks percentage since vm start:  0.000

CPU:total 12 (initial active 12) (6 cores per cpu, 2 threads per core) family 6 model 158 stepping 10 microcode 0xde, cmov, cx8, fxsr, mmx, sse, sse2, sse3, ssse3, sse4.1, sse4.2, popcnt, avx, avx2, aes, clmul, erms, 3dnowpref, lzcnt, ht, tsc, tscinvbit, bmi1, bmi2, adx, fma
CPU Model and flags from /proc/cpuinfo:
model name	: Intel(R) Core(TM) i7-8750H CPU @ 2.20GHz
flags		: fpu vme de pse tsc msr pae mce cx8 apic sep mtrr pge mca cmov pat pse36 clflush dts acpi mmx fxsr sse sse2 ss ht tm pbe syscall nx pdpe1gb rdtscp lm constant_tsc art arch_perfmon pebs bts rep_good nopl xtopology nonstop_tsc cpuid aperfmperf pni pclmulqdq dtes64 monitor ds_cpl vmx est tm2 ssse3 sdbg fma cx16 xtpr pdcm pcid sse4_1 sse4_2 x2apic movbe popcnt tsc_deadline_timer aes xsave avx f16c rdrand lahf_lm abm 3dnowprefetch cpuid_fault epb invpcid_single pti ssbd ibrs ibpb stibp tpr_shadow vnmi flexpriority ept vpid ept_ad fsgsbase tsc_adjust bmi1 avx2 smep bmi2 erms invpcid mpx rdseed adx smap clflushopt intel_pt xsaveopt xsavec xgetbv1 xsaves dtherm ida arat pln pts hwp hwp_notify hwp_act_window hwp_epp md_clear flush_l1d
Online cpus:
0-11
Offline cpus:

BIOS frequency limitation:
<Not Available>
Frequency switch latency (ns):
0
Available cpu frequencies:
<Not Available>
Current governor:
powersave
Core performance/turbo boost:
<Not Available>

Memory: 4k page, physical 7992316k(133108k free), swap 8000508k(6060048k free)

vm_info: OpenJDK 64-Bit Server VM (11.0.11+9-Ubuntu-0ubuntu2.20.04) for linux-amd64 JRE (11.0.11+9-Ubuntu-0ubuntu2.20.04), built on Apr 21 2021 09:15:32 by "unknown" with gcc 9.3.0

END.
